[http-nio-8080-exec-10] 2021-09-29 18:00:49 INFO  com.revature.bankapp.controller.CustomerController  - Start
[http-nio-8080-exec-10] 2021-09-29 18:00:49 DEBUG com.revature.bankapp.controller.CustomerController  - CustomerId: 0  Name: Smith  UserId=john.smith@gmail.com
[http-nio-8080-exec-10] 2021-09-29 18:00:49 INFO  com.revature.bankapp.dao.impl.CustomerDaoImpl  - Start
[http-nio-8080-exec-10] 2021-09-29 18:00:49 DEBUG com.revature.bankapp.dao.impl.CustomerDaoImpl  - CustomerId: 0  Name: Smith  UserId=john.smith@gmail.com
[http-nio-8080-exec-10] 2021-09-29 18:00:49 INFO  com.revature.bankapp.dao.Util  - *****Connecting to DataBase*****
[http-nio-8080-exec-10] 2021-09-29 18:00:50 INFO  com.revature.bankapp.dao.impl.CustomerDaoImpl  - END
[http-nio-8080-exec-10] 2021-09-29 18:00:50 INFO  com.revature.bankapp.controller.CustomerController  - End
[http-nio-8080-exec-9] 2021-09-30 18:45:35 INFO  com.revature.bankapp.controller.CustomerController  - Start
[http-nio-8080-exec-9] 2021-09-30 18:45:35 DEBUG com.revature.bankapp.controller.CustomerController  - CustomerId: 0  Name: Smith  UserId=john.smith@gmail.com
[http-nio-8080-exec-9] 2021-09-30 18:45:35 INFO  com.revature.bankapp.dao.impl.CustomerDaoImpl  - Start
[http-nio-8080-exec-9] 2021-09-30 18:45:35 DEBUG com.revature.bankapp.dao.impl.CustomerDaoImpl  - CustomerId: 0  Name: Smith  UserId=john.smith@gmail.com
[http-nio-8080-exec-9] 2021-09-30 18:45:35 INFO  com.revature.bankapp.dao.Util  - *****Connecting to DataBase*****
[http-nio-8080-exec-9] 2021-09-30 18:45:37 INFO  com.revature.bankapp.dao.impl.CustomerDaoImpl  - END
[http-nio-8080-exec-9] 2021-09-30 18:45:37 INFO  com.revature.bankapp.controller.CustomerController  - End
[http-nio-8080-exec-1] 2021-09-30 19:12:26 INFO  com.revature.bankapp.controller.CustomerController  - Start
[http-nio-8080-exec-1] 2021-09-30 19:12:26 DEBUG com.revature.bankapp.controller.CustomerController  - CustomerId: 0  Name: kane  UserId=123
[http-nio-8080-exec-1] 2021-09-30 19:12:26 INFO  com.revature.bankapp.dao.impl.CustomerDaoImpl  - Start
[http-nio-8080-exec-1] 2021-09-30 19:12:26 DEBUG com.revature.bankapp.dao.impl.CustomerDaoImpl  - CustomerId: 0  Name: kane  UserId=123
[http-nio-8080-exec-1] 2021-09-30 19:12:26 INFO  com.revature.bankapp.dao.Util  - *****Connecting to DataBase*****
[http-nio-8080-exec-1] 2021-09-30 19:12:27 INFO  com.revature.bankapp.dao.impl.CustomerDaoImpl  - END
[http-nio-8080-exec-1] 2021-09-30 19:12:27 INFO  com.revature.bankapp.controller.CustomerController  - End
[http-nio-8080-exec-16] 2021-09-30 20:42:26 INFO  com.revature.bankapp.controller.CustomerController  - Start
[http-nio-8080-exec-16] 2021-09-30 20:42:26 DEBUG com.revature.bankapp.controller.CustomerController  - com.revature.bankapp.model.Customer@4b030738
[http-nio-8080-exec-16] 2021-09-30 20:42:26 INFO  com.revature.bankapp.dao.impl.CustomerDaoImpl  - Start
[http-nio-8080-exec-16] 2021-09-30 20:42:26 DEBUG com.revature.bankapp.dao.impl.CustomerDaoImpl  - com.revature.bankapp.model.Customer@4b030738
[http-nio-8080-exec-16] 2021-09-30 20:42:26 INFO  com.revature.bankapp.dao.Util  - *****Connecting to DataBase*****
[http-nio-8080-exec-16] 2021-09-30 20:42:26 INFO  com.revature.bankapp.dao.impl.CustomerDaoImpl  - END
[http-nio-8080-exec-16] 2021-09-30 20:42:26 INFO  com.revature.bankapp.controller.CustomerController  - End
[http-nio-8080-exec-4] 2021-09-30 21:08:30 INFO  com.revature.bankapp.controller.CustomerController  - Start
[http-nio-8080-exec-4] 2021-09-30 21:08:30 DEBUG com.revature.bankapp.controller.CustomerController  - com.revature.bankapp.model.Customer@582bf0bb
[http-nio-8080-exec-4] 2021-09-30 21:08:30 INFO  com.revature.bankapp.dao.impl.CustomerDaoImpl  - Start
[http-nio-8080-exec-4] 2021-09-30 21:08:30 DEBUG com.revature.bankapp.dao.impl.CustomerDaoImpl  - com.revature.bankapp.model.Customer@582bf0bb
[http-nio-8080-exec-4] 2021-09-30 21:08:30 INFO  com.revature.bankapp.dao.Util  - *****Connecting to DataBase*****
[http-nio-8080-exec-4] 2021-09-30 21:08:30 INFO  com.revature.bankapp.dao.impl.CustomerDaoImpl  - END
[http-nio-8080-exec-4] 2021-09-30 21:08:30 INFO  com.revature.bankapp.controller.CustomerController  - End
[http-nio-8080-exec-8] 2021-09-30 21:11:01 INFO  com.revature.bankapp.controller.CustomerController  - Start
[http-nio-8080-exec-8] 2021-09-30 21:11:01 DEBUG com.revature.bankapp.controller.CustomerController  - com.revature.bankapp.model.Customer@672276cd
[http-nio-8080-exec-8] 2021-09-30 21:11:01 INFO  com.revature.bankapp.dao.impl.CustomerDaoImpl  - Start
[http-nio-8080-exec-8] 2021-09-30 21:11:01 DEBUG com.revature.bankapp.dao.impl.CustomerDaoImpl  - com.revature.bankapp.model.Customer@672276cd
[http-nio-8080-exec-8] 2021-09-30 21:11:01 INFO  com.revature.bankapp.dao.Util  - *****Connecting to DataBase*****
[http-nio-8080-exec-8] 2021-09-30 21:11:01 INFO  com.revature.bankapp.dao.impl.CustomerDaoImpl  - END
[http-nio-8080-exec-8] 2021-09-30 21:11:01 INFO  com.revature.bankapp.controller.CustomerController  - End
[http-nio-8080-exec-2] 2021-09-30 21:13:13 INFO  com.revature.bankapp.controller.CustomerController  - Start
[http-nio-8080-exec-2] 2021-09-30 21:13:13 DEBUG com.revature.bankapp.controller.CustomerController  - com.revature.bankapp.model.Customer@6854e320
[http-nio-8080-exec-2] 2021-09-30 21:13:13 INFO  com.revature.bankapp.dao.impl.CustomerDaoImpl  - Start
[http-nio-8080-exec-2] 2021-09-30 21:13:13 DEBUG com.revature.bankapp.dao.impl.CustomerDaoImpl  - com.revature.bankapp.model.Customer@6854e320
[http-nio-8080-exec-2] 2021-09-30 21:13:13 INFO  com.revature.bankapp.dao.Util  - *****Connecting to DataBase*****
[http-nio-8080-exec-2] 2021-09-30 21:13:13 INFO  com.revature.bankapp.dao.impl.CustomerDaoImpl  - END
[http-nio-8080-exec-2] 2021-09-30 21:13:13 INFO  com.revature.bankapp.controller.CustomerController  - End
[http-nio-8080-exec-6] 2021-09-30 22:24:08 INFO  com.revature.bankapp.controller.CustomerController  - Start
[http-nio-8080-exec-6] 2021-09-30 22:24:08 DEBUG com.revature.bankapp.controller.CustomerController  - com.revature.bankapp.model.Customer@610e9b5f
[http-nio-8080-exec-6] 2021-09-30 22:24:08 INFO  com.revature.bankapp.dao.impl.CustomerDaoImpl  - Start
[http-nio-8080-exec-6] 2021-09-30 22:24:08 DEBUG com.revature.bankapp.dao.impl.CustomerDaoImpl  - com.revature.bankapp.model.Customer@610e9b5f
[http-nio-8080-exec-6] 2021-09-30 22:24:08 INFO  com.revature.bankapp.dao.Util  - *****Connecting to DataBase*****
[http-nio-8080-exec-6] 2021-09-30 22:24:08 INFO  com.revature.bankapp.dao.impl.CustomerDaoImpl  - END
[http-nio-8080-exec-6] 2021-09-30 22:24:08 INFO  com.revature.bankapp.controller.CustomerController  - End
[http-nio-8080-exec-10] 2021-09-30 22:28:12 INFO  com.revature.bankapp.controller.CustomerController  - Start
[http-nio-8080-exec-10] 2021-09-30 22:28:12 DEBUG com.revature.bankapp.controller.CustomerController  - com.revature.bankapp.model.Customer@46b22a3d
[http-nio-8080-exec-10] 2021-09-30 22:28:12 INFO  com.revature.bankapp.dao.impl.CustomerDaoImpl  - Start
[http-nio-8080-exec-10] 2021-09-30 22:28:12 DEBUG com.revature.bankapp.dao.impl.CustomerDaoImpl  - com.revature.bankapp.model.Customer@46b22a3d
[http-nio-8080-exec-10] 2021-09-30 22:28:12 INFO  com.revature.bankapp.dao.Util  - *****Connecting to DataBase*****
[http-nio-8080-exec-10] 2021-09-30 22:28:12 INFO  com.revature.bankapp.dao.impl.CustomerDaoImpl  - END
[http-nio-8080-exec-10] 2021-09-30 22:28:12 INFO  com.revature.bankapp.controller.CustomerController  - End
[http-nio-8080-exec-5] 2021-09-30 23:42:33 INFO  com.revature.bankapp.controller.CustomerController  - Start
[http-nio-8080-exec-5] 2021-09-30 23:42:33 DEBUG com.revature.bankapp.controller.CustomerController  - com.revature.bankapp.model.Customer@2df8f303
[http-nio-8080-exec-5] 2021-09-30 23:42:33 INFO  com.revature.bankapp.dao.impl.CustomerDaoImpl  - Start
[http-nio-8080-exec-5] 2021-09-30 23:42:33 DEBUG com.revature.bankapp.dao.impl.CustomerDaoImpl  - com.revature.bankapp.model.Customer@2df8f303
[http-nio-8080-exec-5] 2021-09-30 23:42:33 INFO  com.revature.bankapp.dao.Util  - *****Connecting to DataBase*****
[http-nio-8080-exec-5] 2021-09-30 23:42:33 INFO  com.revature.bankapp.dao.impl.CustomerDaoImpl  - END
[http-nio-8080-exec-5] 2021-09-30 23:42:33 INFO  com.revature.bankapp.controller.CustomerController  - End
[http-nio-8080-exec-9] 2021-09-30 23:50:10 INFO  com.revature.bankapp.controller.CustomerController  - Start
[http-nio-8080-exec-9] 2021-09-30 23:50:10 DEBUG com.revature.bankapp.controller.CustomerController  - com.revature.bankapp.model.Customer@2b443491
[http-nio-8080-exec-9] 2021-09-30 23:50:10 INFO  com.revature.bankapp.dao.impl.CustomerDaoImpl  - Start
[http-nio-8080-exec-9] 2021-09-30 23:50:10 DEBUG com.revature.bankapp.dao.impl.CustomerDaoImpl  - com.revature.bankapp.model.Customer@2b443491
[http-nio-8080-exec-9] 2021-09-30 23:50:10 INFO  com.revature.bankapp.dao.Util  - *****Connecting to DataBase*****
[http-nio-8080-exec-9] 2021-09-30 23:50:10 INFO  com.revature.bankapp.dao.impl.CustomerDaoImpl  - END
[http-nio-8080-exec-9] 2021-09-30 23:50:10 INFO  com.revature.bankapp.controller.CustomerController  - End
[http-nio-8080-exec-4] 2021-09-30 23:51:56 INFO  com.revature.bankapp.controller.CustomerController  - Start
[http-nio-8080-exec-4] 2021-09-30 23:51:56 DEBUG com.revature.bankapp.controller.CustomerController  - com.revature.bankapp.model.Customer@787ad979
[http-nio-8080-exec-4] 2021-09-30 23:51:56 INFO  com.revature.bankapp.dao.impl.CustomerDaoImpl  - Start
[http-nio-8080-exec-4] 2021-09-30 23:51:56 DEBUG com.revature.bankapp.dao.impl.CustomerDaoImpl  - com.revature.bankapp.model.Customer@787ad979
[http-nio-8080-exec-4] 2021-09-30 23:51:56 INFO  com.revature.bankapp.dao.Util  - *****Connecting to DataBase*****
[http-nio-8080-exec-4] 2021-09-30 23:51:56 INFO  com.revature.bankapp.dao.impl.CustomerDaoImpl  - END
[http-nio-8080-exec-4] 2021-09-30 23:51:56 INFO  com.revature.bankapp.controller.CustomerController  - End
[http-nio-8080-exec-8] 2021-09-30 23:53:36 INFO  com.revature.bankapp.controller.CustomerController  - Start
[http-nio-8080-exec-8] 2021-09-30 23:53:36 DEBUG com.revature.bankapp.controller.CustomerController  - com.revature.bankapp.model.Customer@1b15b4e1
[http-nio-8080-exec-8] 2021-09-30 23:53:36 INFO  com.revature.bankapp.dao.impl.CustomerDaoImpl  - Start
[http-nio-8080-exec-8] 2021-09-30 23:53:36 DEBUG com.revature.bankapp.dao.impl.CustomerDaoImpl  - com.revature.bankapp.model.Customer@1b15b4e1
[http-nio-8080-exec-8] 2021-09-30 23:53:36 INFO  com.revature.bankapp.dao.Util  - *****Connecting to DataBase*****
[http-nio-8080-exec-8] 2021-09-30 23:53:36 INFO  com.revature.bankapp.dao.impl.CustomerDaoImpl  - END
[http-nio-8080-exec-8] 2021-09-30 23:53:36 INFO  com.revature.bankapp.controller.CustomerController  - End
[http-nio-8080-exec-10] 2021-09-30 23:54:52 INFO  com.revature.bankapp.controller.CustomerController  - Start
[http-nio-8080-exec-10] 2021-09-30 23:54:52 DEBUG com.revature.bankapp.controller.CustomerController  - com.revature.bankapp.model.Customer@61f66a71
[http-nio-8080-exec-10] 2021-09-30 23:54:52 INFO  com.revature.bankapp.dao.impl.CustomerDaoImpl  - Start
[http-nio-8080-exec-10] 2021-09-30 23:54:52 DEBUG com.revature.bankapp.dao.impl.CustomerDaoImpl  - com.revature.bankapp.model.Customer@61f66a71
[http-nio-8080-exec-10] 2021-09-30 23:54:52 INFO  com.revature.bankapp.dao.Util  - *****Connecting to DataBase*****
[http-nio-8080-exec-10] 2021-09-30 23:54:52 INFO  com.revature.bankapp.dao.impl.CustomerDaoImpl  - END
[http-nio-8080-exec-10] 2021-09-30 23:54:52 INFO  com.revature.bankapp.controller.CustomerController  - End
[http-nio-8080-exec-3] 2021-09-30 23:55:28 INFO  com.revature.bankapp.controller.CustomerController  - Start
[http-nio-8080-exec-3] 2021-09-30 23:55:28 DEBUG com.revature.bankapp.controller.CustomerController  - com.revature.bankapp.model.Customer@274857c2
[http-nio-8080-exec-3] 2021-09-30 23:55:28 INFO  com.revature.bankapp.dao.impl.CustomerDaoImpl  - Start
[http-nio-8080-exec-3] 2021-09-30 23:55:28 DEBUG com.revature.bankapp.dao.impl.CustomerDaoImpl  - com.revature.bankapp.model.Customer@274857c2
[http-nio-8080-exec-3] 2021-09-30 23:55:28 INFO  com.revature.bankapp.dao.Util  - *****Connecting to DataBase*****
[http-nio-8080-exec-3] 2021-09-30 23:55:28 INFO  com.revature.bankapp.dao.impl.CustomerDaoImpl  - END
[http-nio-8080-exec-3] 2021-09-30 23:55:28 INFO  com.revature.bankapp.controller.CustomerController  - End
[http-nio-8080-exec-8] 2021-09-30 23:58:21 INFO  com.revature.bankapp.controller.CustomerController  - Start
[http-nio-8080-exec-8] 2021-09-30 23:58:21 DEBUG com.revature.bankapp.controller.CustomerController  - com.revature.bankapp.model.Customer@36154757
[http-nio-8080-exec-8] 2021-09-30 23:58:21 INFO  com.revature.bankapp.dao.impl.CustomerDaoImpl  - Start
[http-nio-8080-exec-8] 2021-09-30 23:58:21 DEBUG com.revature.bankapp.dao.impl.CustomerDaoImpl  - com.revature.bankapp.model.Customer@36154757
[http-nio-8080-exec-8] 2021-09-30 23:58:21 INFO  com.revature.bankapp.dao.Util  - *****Connecting to DataBase*****
[http-nio-8080-exec-8] 2021-09-30 23:58:21 INFO  com.revature.bankapp.dao.impl.CustomerDaoImpl  - END
[http-nio-8080-exec-8] 2021-09-30 23:58:21 INFO  com.revature.bankapp.controller.CustomerController  - End
[http-nio-8080-exec-1] 2021-09-30 23:59:03 INFO  com.revature.bankapp.controller.CustomerController  - Start
[http-nio-8080-exec-1] 2021-09-30 23:59:03 DEBUG com.revature.bankapp.controller.CustomerController  - com.revature.bankapp.model.Customer@379b08c5
[http-nio-8080-exec-1] 2021-09-30 23:59:03 INFO  com.revature.bankapp.dao.impl.CustomerDaoImpl  - Start
[http-nio-8080-exec-1] 2021-09-30 23:59:03 DEBUG com.revature.bankapp.dao.impl.CustomerDaoImpl  - com.revature.bankapp.model.Customer@379b08c5
[http-nio-8080-exec-1] 2021-09-30 23:59:03 INFO  com.revature.bankapp.dao.Util  - *****Connecting to DataBase*****
[http-nio-8080-exec-1] 2021-09-30 23:59:03 INFO  com.revature.bankapp.dao.impl.CustomerDaoImpl  - END
[http-nio-8080-exec-1] 2021-09-30 23:59:03 INFO  com.revature.bankapp.controller.CustomerController  - End
[http-nio-8080-exec-4] 2021-10-01 00:03:55 INFO  com.revature.bankapp.controller.CustomerController  - Start
[http-nio-8080-exec-4] 2021-10-01 00:03:55 DEBUG com.revature.bankapp.controller.CustomerController  - com.revature.bankapp.model.Customer@3ec778d9
[http-nio-8080-exec-4] 2021-10-01 00:03:55 INFO  com.revature.bankapp.dao.impl.CustomerDaoImpl  - Start
[http-nio-8080-exec-4] 2021-10-01 00:03:55 DEBUG com.revature.bankapp.dao.impl.CustomerDaoImpl  - com.revature.bankapp.model.Customer@3ec778d9
[http-nio-8080-exec-4] 2021-10-01 00:03:55 INFO  com.revature.bankapp.dao.Util  - *****Connecting to DataBase*****
[http-nio-8080-exec-4] 2021-10-01 00:03:55 INFO  com.revature.bankapp.dao.impl.CustomerDaoImpl  - END
[http-nio-8080-exec-4] 2021-10-01 00:03:55 INFO  com.revature.bankapp.controller.CustomerController  - End
[http-nio-8080-exec-8] 2021-10-01 00:06:42 INFO  com.revature.bankapp.controller.CustomerController  - Start
[http-nio-8080-exec-8] 2021-10-01 00:06:42 DEBUG com.revature.bankapp.controller.CustomerController  - com.revature.bankapp.model.Customer@1ef3fdd8
[http-nio-8080-exec-8] 2021-10-01 00:06:42 INFO  com.revature.bankapp.dao.impl.CustomerDaoImpl  - Start
[http-nio-8080-exec-8] 2021-10-01 00:06:42 DEBUG com.revature.bankapp.dao.impl.CustomerDaoImpl  - com.revature.bankapp.model.Customer@1ef3fdd8
[http-nio-8080-exec-8] 2021-10-01 00:06:42 INFO  com.revature.bankapp.dao.Util  - *****Connecting to DataBase*****
[http-nio-8080-exec-8] 2021-10-01 00:06:43 INFO  com.revature.bankapp.dao.impl.CustomerDaoImpl  - END
[http-nio-8080-exec-8] 2021-10-01 00:06:43 INFO  com.revature.bankapp.controller.CustomerController  - End
[http-nio-8080-exec-1] 2021-10-01 00:13:49 INFO  com.revature.bankapp.controller.CustomerController  - Start
[http-nio-8080-exec-1] 2021-10-01 00:13:49 DEBUG com.revature.bankapp.controller.CustomerController  - com.revature.bankapp.model.Customer@4878c5db
[http-nio-8080-exec-1] 2021-10-01 00:13:49 INFO  com.revature.bankapp.dao.impl.CustomerDaoImpl  - Start
[http-nio-8080-exec-1] 2021-10-01 00:13:49 DEBUG com.revature.bankapp.dao.impl.CustomerDaoImpl  - com.revature.bankapp.model.Customer@4878c5db
[http-nio-8080-exec-1] 2021-10-01 00:13:49 INFO  com.revature.bankapp.dao.Util  - *****Connecting to DataBase*****
[http-nio-8080-exec-1] 2021-10-01 00:13:49 INFO  com.revature.bankapp.dao.impl.CustomerDaoImpl  - END
[http-nio-8080-exec-1] 2021-10-01 00:13:49 INFO  com.revature.bankapp.controller.CustomerController  - End
[http-nio-8080-exec-3] 2021-10-01 00:18:36 INFO  com.revature.bankapp.controller.CustomerController  - Start
[http-nio-8080-exec-3] 2021-10-01 00:18:36 DEBUG com.revature.bankapp.controller.CustomerController  - com.revature.bankapp.model.Customer@79af5ccf
[http-nio-8080-exec-3] 2021-10-01 00:18:36 INFO  com.revature.bankapp.dao.impl.CustomerDaoImpl  - Start
[http-nio-8080-exec-3] 2021-10-01 00:18:36 DEBUG com.revature.bankapp.dao.impl.CustomerDaoImpl  - com.revature.bankapp.model.Customer@79af5ccf
[http-nio-8080-exec-3] 2021-10-01 00:18:36 INFO  com.revature.bankapp.dao.Util  - *****Connecting to DataBase*****
[http-nio-8080-exec-3] 2021-10-01 00:18:36 INFO  com.revature.bankapp.dao.impl.CustomerDaoImpl  - END
[http-nio-8080-exec-3] 2021-10-01 00:18:36 INFO  com.revature.bankapp.controller.CustomerController  - End
[http-nio-8080-exec-9] 2021-10-01 00:19:39 INFO  com.revature.bankapp.controller.CustomerController  - Start
[http-nio-8080-exec-9] 2021-10-01 00:19:39 DEBUG com.revature.bankapp.controller.CustomerController  - com.revature.bankapp.model.Customer@7b7f9c7c
[http-nio-8080-exec-9] 2021-10-01 00:19:39 INFO  com.revature.bankapp.dao.impl.CustomerDaoImpl  - Start
[http-nio-8080-exec-9] 2021-10-01 00:19:39 DEBUG com.revature.bankapp.dao.impl.CustomerDaoImpl  - com.revature.bankapp.model.Customer@7b7f9c7c
[http-nio-8080-exec-9] 2021-10-01 00:19:39 INFO  com.revature.bankapp.dao.Util  - *****Connecting to DataBase*****
[http-nio-8080-exec-9] 2021-10-01 00:19:39 INFO  com.revature.bankapp.dao.impl.CustomerDaoImpl  - END
[http-nio-8080-exec-9] 2021-10-01 00:19:39 INFO  com.revature.bankapp.controller.CustomerController  - End
[http-nio-8080-exec-1] 2021-10-01 00:20:35 INFO  com.revature.bankapp.controller.CustomerController  - Start
[http-nio-8080-exec-1] 2021-10-01 00:20:35 DEBUG com.revature.bankapp.controller.CustomerController  - com.revature.bankapp.model.Customer@7d1fffa2
[http-nio-8080-exec-1] 2021-10-01 00:20:35 INFO  com.revature.bankapp.dao.impl.CustomerDaoImpl  - Start
[http-nio-8080-exec-1] 2021-10-01 00:20:35 DEBUG com.revature.bankapp.dao.impl.CustomerDaoImpl  - com.revature.bankapp.model.Customer@7d1fffa2
[http-nio-8080-exec-1] 2021-10-01 00:20:35 INFO  com.revature.bankapp.dao.Util  - *****Connecting to DataBase*****
[http-nio-8080-exec-1] 2021-10-01 00:20:35 INFO  com.revature.bankapp.dao.impl.CustomerDaoImpl  - END
[http-nio-8080-exec-1] 2021-10-01 00:20:35 INFO  com.revature.bankapp.controller.CustomerController  - End
[http-nio-8080-exec-3] 2021-10-01 00:21:35 INFO  com.revature.bankapp.controller.CustomerController  - Start
[http-nio-8080-exec-3] 2021-10-01 00:21:35 DEBUG com.revature.bankapp.controller.CustomerController  - com.revature.bankapp.model.Customer@687a646e
[http-nio-8080-exec-3] 2021-10-01 00:21:35 INFO  com.revature.bankapp.dao.impl.CustomerDaoImpl  - Start
[http-nio-8080-exec-3] 2021-10-01 00:21:35 DEBUG com.revature.bankapp.dao.impl.CustomerDaoImpl  - com.revature.bankapp.model.Customer@687a646e
[http-nio-8080-exec-3] 2021-10-01 00:21:35 INFO  com.revature.bankapp.dao.Util  - *****Connecting to DataBase*****
[http-nio-8080-exec-3] 2021-10-01 00:21:35 INFO  com.revature.bankapp.dao.impl.CustomerDaoImpl  - END
[http-nio-8080-exec-3] 2021-10-01 00:21:35 INFO  com.revature.bankapp.controller.CustomerController  - End
[http-nio-8080-exec-5] 2021-10-01 10:53:23 INFO  com.revature.bankapp.controller.CustomerController  - Start
[http-nio-8080-exec-5] 2021-10-01 10:53:23 DEBUG com.revature.bankapp.controller.CustomerController  - com.revature.bankapp.model.Customer@78ac259b
[http-nio-8080-exec-5] 2021-10-01 10:53:23 INFO  com.revature.bankapp.dao.impl.CustomerDaoImpl  - Start
[http-nio-8080-exec-5] 2021-10-01 10:53:23 DEBUG com.revature.bankapp.dao.impl.CustomerDaoImpl  - com.revature.bankapp.model.Customer@78ac259b
[http-nio-8080-exec-5] 2021-10-01 10:53:23 INFO  com.revature.bankapp.dao.Util  - *****Connecting to DataBase*****
[http-nio-8080-exec-5] 2021-10-01 10:53:26 INFO  com.revature.bankapp.dao.impl.CustomerDaoImpl  - END
[http-nio-8080-exec-5] 2021-10-01 10:53:26 INFO  com.revature.bankapp.controller.CustomerController  - End
[http-nio-8080-exec-30] 2021-10-03 12:54:41 INFO  com.revature.bankapp.controller.CustomerController  - Start
[http-nio-8080-exec-30] 2021-10-03 12:54:41 DEBUG com.revature.bankapp.controller.CustomerController  - com.revature.bankapp.model.Customer@498c147d
[http-nio-8080-exec-30] 2021-10-03 12:54:41 INFO  com.revature.bankapp.dao.impl.CustomerDaoImpl  - Start
[http-nio-8080-exec-30] 2021-10-03 12:54:41 DEBUG com.revature.bankapp.dao.impl.CustomerDaoImpl  - com.revature.bankapp.model.Customer@498c147d
[http-nio-8080-exec-30] 2021-10-03 12:54:41 INFO  com.revature.bankapp.dao.Util  - *****Connecting to DataBase*****
[http-nio-8080-exec-30] 2021-10-03 12:54:41 INFO  com.revature.bankapp.dao.impl.CustomerDaoImpl  - END
[http-nio-8080-exec-30] 2021-10-03 12:54:41 INFO  com.revature.bankapp.controller.CustomerController  - End
[http-nio-8080-exec-29] 2021-10-03 12:55:14 INFO  com.revature.bankapp.dao.Util  - *****Connecting to DataBase*****
[http-nio-8080-exec-39] 2021-10-03 12:57:56 INFO  com.revature.bankapp.dao.Util  - *****Connecting to DataBase*****
[http-nio-8080-exec-34] 2021-10-03 13:00:02 INFO  com.revature.bankapp.dao.Util  - *****Connecting to DataBase*****
[http-nio-8080-exec-45] 2021-10-03 13:36:01 INFO  com.revature.bankapp.dao.Util  - *****Connecting to DataBase*****
[http-nio-8080-exec-47] 2021-10-03 13:36:42 INFO  com.revature.bankapp.dao.Util  - *****Connecting to DataBase*****
[http-nio-8080-exec-49] 2021-10-03 13:38:38 INFO  com.revature.bankapp.dao.Util  - *****Connecting to DataBase*****
[http-nio-8080-exec-51] 2021-10-03 13:39:35 INFO  com.revature.bankapp.dao.Util  - *****Connecting to DataBase*****
[http-nio-8080-exec-52] 2021-10-03 13:39:49 INFO  com.revature.bankapp.dao.Util  - *****Connecting to DataBase*****
[http-nio-8080-exec-3] 2021-10-03 13:48:27 INFO  com.revature.bankapp.dao.Util  - *****Connecting to DataBase*****
[http-nio-8080-exec-5] 2021-10-03 13:49:00 INFO  com.revature.bankapp.dao.Util  - *****Connecting to DataBase*****
[http-nio-8080-exec-7] 2021-10-03 13:49:34 INFO  com.revature.bankapp.dao.Util  - *****Connecting to DataBase*****
[http-nio-8080-exec-10] 2021-10-03 13:50:56 INFO  com.revature.bankapp.dao.Util  - *****Connecting to DataBase*****
[http-nio-8080-exec-11] 2021-10-03 13:51:50 INFO  com.revature.bankapp.dao.Util  - *****Connecting to DataBase*****
[http-nio-8080-exec-8] 2021-10-03 13:51:58 INFO  com.revature.bankapp.dao.Util  - *****Connecting to DataBase*****
[http-nio-8080-exec-9] 2021-10-03 13:52:21 INFO  com.revature.bankapp.dao.Util  - *****Connecting to DataBase*****
[http-nio-8080-exec-11] 2021-10-03 13:53:17 INFO  com.revature.bankapp.dao.Util  - *****Connecting to DataBase*****
[http-nio-8080-exec-4] 2021-10-03 14:10:41 INFO  com.revature.bankapp.dao.Util  - *****Connecting to DataBase*****
[http-nio-8080-exec-7] 2021-10-03 14:11:17 INFO  com.revature.bankapp.dao.Util  - *****Connecting to DataBase*****
[http-nio-8080-exec-10] 2021-10-03 14:11:38 INFO  com.revature.bankapp.dao.Util  - *****Connecting to DataBase*****
[http-nio-8080-exec-1] 2021-10-03 14:11:57 INFO  com.revature.bankapp.dao.Util  - *****Connecting to DataBase*****
[http-nio-8080-exec-3] 2021-10-03 14:12:33 INFO  com.revature.bankapp.dao.Util  - *****Connecting to DataBase*****
[http-nio-8080-exec-13] 2021-10-03 14:14:38 INFO  com.revature.bankapp.dao.Util  - *****Connecting to DataBase*****
[http-nio-8080-exec-17] 2021-10-03 14:16:29 INFO  com.revature.bankapp.dao.Util  - *****Connecting to DataBase*****
[http-nio-8080-exec-15] 2021-10-03 14:17:06 INFO  com.revature.bankapp.dao.Util  - *****Connecting to DataBase*****
[http-nio-8080-exec-43] 2021-10-03 15:23:41 INFO  com.revature.bankapp.dao.Util  - *****Connecting to DataBase*****
[http-nio-8080-exec-47] 2021-10-03 15:31:05 INFO  com.revature.bankapp.dao.Util  - *****Connecting to DataBase*****
[http-nio-8080-exec-52] 2021-10-03 15:31:22 INFO  com.revature.bankapp.dao.Util  - *****Connecting to DataBase*****
[http-nio-8080-exec-61] 2021-10-03 15:50:58 INFO  com.revature.bankapp.dao.Util  - *****Connecting to DataBase*****
[http-nio-8080-exec-62] 2021-10-03 15:51:22 INFO  com.revature.bankapp.dao.Util  - *****Connecting to DataBase*****
[http-nio-8080-exec-71] 2021-10-03 15:57:44 INFO  com.revature.bankapp.dao.Util  - *****Connecting to DataBase*****
[http-nio-8080-exec-72] 2021-10-03 15:58:56 INFO  com.revature.bankapp.dao.Util  - *****Connecting to DataBase*****
[http-nio-8080-exec-73] 2021-10-03 15:59:51 INFO  com.revature.bankapp.dao.Util  - *****Connecting to DataBase*****
[http-nio-8080-exec-72] 2021-10-03 16:00:11 INFO  com.revature.bankapp.dao.Util  - *****Connecting to DataBase*****
[http-nio-8080-exec-74] 2021-10-03 16:01:05 INFO  com.revature.bankapp.dao.Util  - *****Connecting to DataBase*****
[http-nio-8080-exec-72] 2021-10-03 16:02:49 INFO  com.revature.bankapp.dao.Util  - *****Connecting to DataBase*****
[http-nio-8080-exec-71] 2021-10-03 16:05:37 INFO  com.revature.bankapp.dao.Util  - *****Connecting to DataBase*****
[http-nio-8080-exec-74] 2021-10-03 16:06:14 INFO  com.revature.bankapp.dao.Util  - *****Connecting to DataBase*****
[http-nio-8080-exec-73] 2021-10-03 16:06:44 INFO  com.revature.bankapp.dao.Util  - *****Connecting to DataBase*****
[http-nio-8080-exec-76] 2021-10-03 16:06:58 INFO  com.revature.bankapp.dao.Util  - *****Connecting to DataBase*****
[http-nio-8080-exec-71] 2021-10-03 16:09:31 INFO  com.revature.bankapp.dao.Util  - *****Connecting to DataBase*****
[http-nio-8080-exec-76] 2021-10-03 16:10:00 INFO  com.revature.bankapp.dao.Util  - *****Connecting to DataBase*****
[http-nio-8080-exec-82] 2021-10-03 16:14:56 INFO  com.revature.bankapp.dao.Util  - *****Connecting to DataBase*****
[http-nio-8080-exec-84] 2021-10-03 16:15:27 INFO  com.revature.bankapp.dao.Util  - *****Connecting to DataBase*****
[http-nio-8080-exec-86] 2021-10-03 16:15:53 INFO  com.revature.bankapp.dao.Util  - *****Connecting to DataBase*****
[http-nio-8080-exec-82] 2021-10-03 16:16:59 INFO  com.revature.bankapp.dao.Util  - *****Connecting to DataBase*****
[http-nio-8080-exec-88] 2021-10-03 16:17:10 INFO  com.revature.bankapp.dao.Util  - *****Connecting to DataBase*****
[http-nio-8080-exec-81] 2021-10-03 16:17:35 INFO  com.revature.bankapp.dao.Util  - *****Connecting to DataBase*****
[http-nio-8080-exec-85] 2021-10-03 16:18:40 INFO  com.revature.bankapp.dao.Util  - *****Connecting to DataBase*****
[http-nio-8080-exec-89] 2021-10-03 16:19:06 INFO  com.revature.bankapp.dao.Util  - *****Connecting to DataBase*****
[http-nio-8080-exec-93] 2021-10-03 16:32:27 INFO  com.revature.bankapp.dao.Util  - *****Connecting to DataBase*****
[http-nio-8080-exec-93] 2021-10-03 16:35:04 INFO  com.revature.bankapp.dao.Util  - *****Connecting to DataBase*****
[http-nio-8080-exec-84] 2021-10-03 16:35:43 INFO  com.revature.bankapp.dao.Util  - *****Connecting to DataBase*****
[http-nio-8080-exec-96] 2021-10-03 16:35:50 INFO  com.revature.bankapp.dao.Util  - *****Connecting to DataBase*****
[http-nio-8080-exec-97] 2021-10-03 16:36:05 INFO  com.revature.bankapp.dao.Util  - *****Connecting to DataBase*****
[http-nio-8080-exec-98] 2021-10-03 16:36:12 INFO  com.revature.bankapp.dao.Util  - *****Connecting to DataBase*****
[http-nio-8080-exec-96] 2021-10-03 16:45:43 INFO  com.revature.bankapp.dao.Util  - *****Connecting to DataBase*****
[http-nio-8080-exec-99] 2021-10-03 16:46:25 INFO  com.revature.bankapp.dao.Util  - *****Connecting to DataBase*****
[http-nio-8080-exec-98] 2021-10-03 16:46:56 INFO  com.revature.bankapp.dao.Util  - *****Connecting to DataBase*****
[http-nio-8080-exec-100] 2021-10-03 16:47:37 INFO  com.revature.bankapp.dao.Util  - *****Connecting to DataBase*****
[http-nio-8080-exec-102] 2021-10-03 16:48:18 INFO  com.revature.bankapp.dao.Util  - *****Connecting to DataBase*****
[http-nio-8080-exec-104] 2021-10-03 16:48:40 INFO  com.revature.bankapp.dao.Util  - *****Connecting to DataBase*****
[http-nio-8080-exec-105] 2021-10-03 16:48:46 INFO  com.revature.bankapp.dao.Util  - *****Connecting to DataBase*****
[http-nio-8080-exec-96] 2021-10-03 16:48:47 INFO  com.revature.bankapp.dao.Util  - *****Connecting to DataBase*****
[http-nio-8080-exec-99] 2021-10-03 16:48:48 INFO  com.revature.bankapp.dao.Util  - *****Connecting to DataBase*****
[http-nio-8080-exec-97] 2021-10-03 16:48:48 INFO  com.revature.bankapp.dao.Util  - *****Connecting to DataBase*****
[http-nio-8080-exec-100] 2021-10-03 16:49:54 INFO  com.revature.bankapp.dao.Util  - *****Connecting to DataBase*****
[http-nio-8080-exec-101] 2021-10-03 16:50:09 INFO  com.revature.bankapp.dao.Util  - *****Connecting to DataBase*****
[http-nio-8080-exec-103] 2021-10-03 16:50:39 INFO  com.revature.bankapp.dao.Util  - *****Connecting to DataBase*****
[http-nio-8080-exec-105] 2021-10-03 16:51:43 INFO  com.revature.bankapp.dao.Util  - *****Connecting to DataBase*****
[http-nio-8080-exec-99] 2021-10-03 16:52:12 INFO  com.revature.bankapp.dao.Util  - *****Connecting to DataBase*****
[http-nio-8080-exec-97] 2021-10-03 16:52:19 INFO  com.revature.bankapp.dao.Util  - *****Connecting to DataBase*****
[http-nio-8080-exec-100] 2021-10-03 16:52:52 INFO  com.revature.bankapp.dao.Util  - *****Connecting to DataBase*****
[http-nio-8080-exec-101] 2021-10-03 16:53:02 INFO  com.revature.bankapp.dao.Util  - *****Connecting to DataBase*****
[http-nio-8080-exec-102] 2021-10-03 16:53:06 INFO  com.revature.bankapp.dao.Util  - *****Connecting to DataBase*****
[http-nio-8080-exec-103] 2021-10-03 16:53:19 INFO  com.revature.bankapp.dao.Util  - *****Connecting to DataBase*****
[http-nio-8080-exec-104] 2021-10-03 16:53:23 INFO  com.revature.bankapp.dao.Util  - *****Connecting to DataBase*****
[http-nio-8080-exec-105] 2021-10-03 16:53:24 INFO  com.revature.bankapp.dao.Util  - *****Connecting to DataBase*****
[http-nio-8080-exec-96] 2021-10-03 16:53:24 INFO  com.revature.bankapp.dao.Util  - *****Connecting to DataBase*****
[http-nio-8080-exec-99] 2021-10-03 16:53:24 INFO  com.revature.bankapp.dao.Util  - *****Connecting to DataBase*****
[http-nio-8080-exec-97] 2021-10-03 16:53:25 INFO  com.revature.bankapp.dao.Util  - *****Connecting to DataBase*****
[http-nio-8080-exec-98] 2021-10-03 16:53:25 INFO  com.revature.bankapp.dao.Util  - *****Connecting to DataBase*****
[http-nio-8080-exec-100] 2021-10-03 16:53:25 INFO  com.revature.bankapp.dao.Util  - *****Connecting to DataBase*****
[http-nio-8080-exec-101] 2021-10-03 16:53:25 INFO  com.revature.bankapp.dao.Util  - *****Connecting to DataBase*****
[http-nio-8080-exec-102] 2021-10-03 16:53:25 INFO  com.revature.bankapp.dao.Util  - *****Connecting to DataBase*****
[http-nio-8080-exec-103] 2021-10-03 16:53:26 INFO  com.revature.bankapp.dao.Util  - *****Connecting to DataBase*****
[http-nio-8080-exec-104] 2021-10-03 16:53:26 INFO  com.revature.bankapp.dao.Util  - *****Connecting to DataBase*****
[http-nio-8080-exec-105] 2021-10-03 16:53:26 INFO  com.revature.bankapp.dao.Util  - *****Connecting to DataBase*****
[http-nio-8080-exec-96] 2021-10-03 16:53:26 INFO  com.revature.bankapp.dao.Util  - *****Connecting to DataBase*****
[http-nio-8080-exec-99] 2021-10-03 16:53:26 INFO  com.revature.bankapp.dao.Util  - *****Connecting to DataBase*****
[http-nio-8080-exec-100] 2021-10-03 16:54:35 INFO  com.revature.bankapp.dao.Util  - *****Connecting to DataBase*****
[http-nio-8080-exec-101] 2021-10-03 16:54:50 INFO  com.revature.bankapp.dao.Util  - *****Connecting to DataBase*****
[http-nio-8080-exec-102] 2021-10-03 16:54:56 INFO  com.revature.bankapp.dao.Util  - *****Connecting to DataBase*****
[http-nio-8080-exec-104] 2021-10-03 16:56:07 INFO  com.revature.bankapp.dao.Util  - *****Connecting to DataBase*****
[http-nio-8080-exec-105] 2021-10-03 16:56:19 INFO  com.revature.bankapp.dao.Util  - *****Connecting to DataBase*****
[http-nio-8080-exec-99] 2021-10-03 16:56:43 INFO  com.revature.bankapp.dao.Util  - *****Connecting to DataBase*****
[http-nio-8080-exec-97] 2021-10-03 16:56:45 INFO  com.revature.bankapp.dao.Util  - *****Connecting to DataBase*****
[http-nio-8080-exec-101] 2021-10-03 16:56:57 INFO  com.revature.bankapp.dao.Util  - *****Connecting to DataBase*****
[http-nio-8080-exec-102] 2021-10-03 16:56:57 INFO  com.revature.bankapp.dao.Util  - *****Connecting to DataBase*****
[http-nio-8080-exec-104] 2021-10-03 16:57:06 INFO  com.revature.bankapp.dao.Util  - *****Connecting to DataBase*****
[http-nio-8080-exec-105] 2021-10-03 16:57:12 INFO  com.revature.bankapp.dao.Util  - *****Connecting to DataBase*****
[http-nio-8080-exec-96] 2021-10-03 16:57:23 INFO  com.revature.bankapp.dao.Util  - *****Connecting to DataBase*****
[http-nio-8080-exec-99] 2021-10-03 16:57:26 INFO  com.revature.bankapp.dao.Util  - *****Connecting to DataBase*****
[http-nio-8080-exec-98] 2021-10-03 16:58:13 INFO  com.revature.bankapp.dao.Util  - *****Connecting to DataBase*****
[http-nio-8080-exec-100] 2021-10-03 16:58:13 INFO  com.revature.bankapp.dao.Util  - *****Connecting to DataBase*****
[http-nio-8080-exec-101] 2021-10-03 16:58:14 INFO  com.revature.bankapp.dao.Util  - *****Connecting to DataBase*****
[http-nio-8080-exec-102] 2021-10-03 16:58:22 INFO  com.revature.bankapp.dao.Util  - *****Connecting to DataBase*****
[http-nio-8080-exec-103] 2021-10-03 16:58:23 INFO  com.revature.bankapp.dao.Util  - *****Connecting to DataBase*****
[http-nio-8080-exec-104] 2021-10-03 16:58:23 INFO  com.revature.bankapp.dao.Util  - *****Connecting to DataBase*****
[http-nio-8080-exec-105] 2021-10-03 16:58:34 INFO  com.revature.bankapp.dao.Util  - *****Connecting to DataBase*****
[http-nio-8080-exec-96] 2021-10-03 16:59:51 INFO  com.revature.bankapp.dao.Util  - *****Connecting to DataBase*****
[http-nio-8080-exec-97] 2021-10-03 17:02:10 INFO  com.revature.bankapp.dao.Util  - *****Connecting to DataBase*****
[http-nio-8080-exec-98] 2021-10-03 17:02:11 INFO  com.revature.bankapp.dao.Util  - *****Connecting to DataBase*****
[http-nio-8080-exec-100] 2021-10-03 17:02:11 INFO  com.revature.bankapp.dao.Util  - *****Connecting to DataBase*****
[http-nio-8080-exec-102] 2021-10-03 17:02:50 INFO  com.revature.bankapp.dao.Util  - *****Connecting to DataBase*****
[http-nio-8080-exec-103] 2021-10-03 17:03:03 INFO  com.revature.bankapp.dao.Util  - *****Connecting to DataBase*****
[http-nio-8080-exec-104] 2021-10-03 17:04:08 INFO  com.revature.bankapp.dao.Util  - *****Connecting to DataBase*****
[http-nio-8080-exec-105] 2021-10-03 17:04:16 INFO  com.revature.bankapp.dao.Util  - *****Connecting to DataBase*****
[http-nio-8080-exec-99] 2021-10-03 17:04:42 INFO  com.revature.bankapp.dao.Util  - *****Connecting to DataBase*****
[http-nio-8080-exec-97] 2021-10-03 17:04:43 INFO  com.revature.bankapp.dao.Util  - *****Connecting to DataBase*****
[http-nio-8080-exec-98] 2021-10-03 17:04:48 INFO  com.revature.bankapp.dao.Util  - *****Connecting to DataBase*****
[http-nio-8080-exec-101] 2021-10-03 17:06:10 INFO  com.revature.bankapp.dao.Util  - *****Connecting to DataBase*****
[http-nio-8080-exec-102] 2021-10-03 17:06:19 INFO  com.revature.bankapp.dao.Util  - *****Connecting to DataBase*****
[http-nio-8080-exec-103] 2021-10-03 17:06:30 INFO  com.revature.bankapp.dao.Util  - *****Connecting to DataBase*****
[http-nio-8080-exec-104] 2021-10-03 17:06:31 INFO  com.revature.bankapp.dao.Util  - *****Connecting to DataBase*****
[http-nio-8080-exec-105] 2021-10-03 17:06:31 INFO  com.revature.bankapp.dao.Util  - *****Connecting to DataBase*****
[http-nio-8080-exec-96] 2021-10-03 17:06:31 INFO  com.revature.bankapp.dao.Util  - *****Connecting to DataBase*****
[http-nio-8080-exec-99] 2021-10-03 17:06:32 INFO  com.revature.bankapp.dao.Util  - *****Connecting to DataBase*****
[http-nio-8080-exec-97] 2021-10-03 17:06:32 INFO  com.revature.bankapp.dao.Util  - *****Connecting to DataBase*****
[http-nio-8080-exec-98] 2021-10-03 17:06:32 INFO  com.revature.bankapp.dao.Util  - *****Connecting to DataBase*****
[http-nio-8080-exec-100] 2021-10-03 17:06:47 INFO  com.revature.bankapp.dao.Util  - *****Connecting to DataBase*****
[http-nio-8080-exec-100] 2021-10-03 17:08:36 INFO  com.revature.bankapp.dao.Util  - *****Connecting to DataBase*****
[http-nio-8080-exec-99] 2021-10-03 17:08:36 INFO  com.revature.bankapp.dao.Util  - *****Connecting to DataBase*****
[http-nio-8080-exec-102] 2021-10-03 17:08:36 INFO  com.revature.bankapp.dao.Util  - *****Connecting to DataBase*****
[http-nio-8080-exec-104] 2021-10-03 17:08:37 INFO  com.revature.bankapp.dao.Util  - *****Connecting to DataBase*****
[http-nio-8080-exec-96] 2021-10-03 17:08:37 INFO  com.revature.bankapp.dao.Util  - *****Connecting to DataBase*****
[http-nio-8080-exec-101] 2021-10-03 17:08:45 INFO  com.revature.bankapp.dao.Util  - *****Connecting to DataBase*****
[http-nio-8080-exec-98] 2021-10-03 17:09:10 INFO  com.revature.bankapp.dao.Util  - *****Connecting to DataBase*****
[http-nio-8080-exec-103] 2021-10-03 17:09:10 INFO  com.revature.bankapp.dao.Util  - *****Connecting to DataBase*****
[http-nio-8080-exec-105] 2021-10-03 17:09:10 INFO  com.revature.bankapp.dao.Util  - *****Connecting to DataBase*****
[http-nio-8080-exec-100] 2021-10-03 17:09:10 INFO  com.revature.bankapp.dao.Util  - *****Connecting to DataBase*****
[http-nio-8080-exec-102] 2021-10-03 17:09:18 INFO  com.revature.bankapp.dao.Util  - *****Connecting to DataBase*****
[http-nio-8080-exec-107] 2021-10-03 17:09:39 INFO  com.revature.bankapp.dao.Util  - *****Connecting to DataBase*****
[http-nio-8080-exec-109] 2021-10-03 17:09:58 INFO  com.revature.bankapp.dao.Util  - *****Connecting to DataBase*****
[http-nio-8080-exec-111] 2021-10-03 17:10:43 INFO  com.revature.bankapp.dao.Util  - *****Connecting to DataBase*****
[http-nio-8080-exec-106] 2021-10-03 17:10:43 INFO  com.revature.bankapp.dao.Util  - *****Connecting to DataBase*****
[http-nio-8080-exec-107] 2021-10-03 17:10:43 INFO  com.revature.bankapp.dao.Util  - *****Connecting to DataBase*****
[http-nio-8080-exec-108] 2021-10-03 17:10:44 INFO  com.revature.bankapp.dao.Util  - *****Connecting to DataBase*****
[http-nio-8080-exec-109] 2021-10-03 17:10:44 INFO  com.revature.bankapp.dao.Util  - *****Connecting to DataBase*****
[http-nio-8080-exec-113] 2021-10-03 17:10:53 INFO  com.revature.bankapp.dao.Util  - *****Connecting to DataBase*****
[http-nio-8080-exec-100] 2021-10-03 17:10:54 INFO  com.revature.bankapp.dao.Util  - *****Connecting to DataBase*****
[http-nio-8080-exec-110] 2021-10-03 17:10:59 INFO  com.revature.bankapp.dao.Util  - *****Connecting to DataBase*****
[http-nio-8080-exec-111] 2021-10-03 17:11:20 INFO  com.revature.bankapp.dao.Util  - *****Connecting to DataBase*****
[http-nio-8080-exec-107] 2021-10-03 17:11:44 INFO  com.revature.bankapp.dao.Util  - *****Connecting to DataBase*****
[http-nio-8080-exec-108] 2021-10-03 17:11:44 INFO  com.revature.bankapp.dao.Util  - *****Connecting to DataBase*****
[http-nio-8080-exec-109] 2021-10-03 17:11:44 INFO  com.revature.bankapp.dao.Util  - *****Connecting to DataBase*****
[http-nio-8080-exec-112] 2021-10-03 17:11:51 INFO  com.revature.bankapp.dao.Util  - *****Connecting to DataBase*****
[http-nio-8080-exec-113] 2021-10-03 17:11:53 INFO  com.revature.bankapp.dao.Util  - *****Connecting to DataBase*****
[http-nio-8080-exec-110] 2021-10-03 17:54:57 INFO  com.revature.bankapp.dao.Util  - *****Connecting to DataBase*****
[http-nio-8080-exec-114] 2021-10-03 17:54:57 INFO  com.revature.bankapp.dao.Util  - *****Connecting to DataBase*****
[http-nio-8080-exec-111] 2021-10-03 17:54:58 INFO  com.revature.bankapp.dao.Util  - *****Connecting to DataBase*****
[http-nio-8080-exec-106] 2021-10-03 17:54:58 INFO  com.revature.bankapp.dao.Util  - *****Connecting to DataBase*****
[http-nio-8080-exec-107] 2021-10-03 17:54:58 INFO  com.revature.bankapp.dao.Util  - *****Connecting to DataBase*****
[http-nio-8080-exec-108] 2021-10-03 17:55:00 INFO  com.revature.bankapp.dao.Util  - *****Connecting to DataBase*****
[http-nio-8080-exec-109] 2021-10-03 17:55:00 INFO  com.revature.bankapp.dao.Util  - *****Connecting to DataBase*****
[http-nio-8080-exec-112] 2021-10-03 17:55:01 INFO  com.revature.bankapp.dao.Util  - *****Connecting to DataBase*****
[http-nio-8080-exec-113] 2021-10-03 17:55:18 INFO  com.revature.bankapp.dao.Util  - *****Connecting to DataBase*****
[http-nio-8080-exec-115] 2021-10-03 17:55:22 INFO  com.revature.bankapp.dao.Util  - *****Connecting to DataBase*****
[http-nio-8080-exec-110] 2021-10-03 17:55:22 INFO  com.revature.bankapp.dao.Util  - *****Connecting to DataBase*****
[http-nio-8080-exec-114] 2021-10-03 17:55:23 INFO  com.revature.bankapp.dao.Util  - *****Connecting to DataBase*****
[http-nio-8080-exec-111] 2021-10-03 17:55:23 INFO  com.revature.bankapp.dao.Util  - *****Connecting to DataBase*****
[http-nio-8080-exec-106] 2021-10-03 17:55:23 INFO  com.revature.bankapp.dao.Util  - *****Connecting to DataBase*****
[http-nio-8080-exec-107] 2021-10-03 17:55:23 INFO  com.revature.bankapp.dao.Util  - *****Connecting to DataBase*****
[http-nio-8080-exec-108] 2021-10-03 17:55:23 INFO  com.revature.bankapp.dao.Util  - *****Connecting to DataBase*****
[http-nio-8080-exec-109] 2021-10-03 17:55:23 INFO  com.revature.bankapp.dao.Util  - *****Connecting to DataBase*****
[http-nio-8080-exec-112] 2021-10-03 17:55:31 INFO  com.revature.bankapp.dao.Util  - *****Connecting to DataBase*****
[http-nio-8080-exec-115] 2021-10-03 18:05:17 INFO  com.revature.bankapp.dao.Util  - *****Connecting to DataBase*****
[http-nio-8080-exec-110] 2021-10-03 18:05:17 INFO  com.revature.bankapp.dao.Util  - *****Connecting to DataBase*****
[http-nio-8080-exec-114] 2021-10-03 18:05:17 INFO  com.revature.bankapp.dao.Util  - *****Connecting to DataBase*****
[http-nio-8080-exec-111] 2021-10-03 18:05:36 INFO  com.revature.bankapp.dao.Util  - *****Connecting to DataBase*****
[http-nio-8080-exec-106] 2021-10-03 18:05:55 INFO  com.revature.bankapp.dao.Util  - *****Connecting to DataBase*****
[http-nio-8080-exec-107] 2021-10-03 18:06:06 INFO  com.revature.bankapp.dao.Util  - *****Connecting to DataBase*****
[http-nio-8080-exec-108] 2021-10-03 18:06:22 INFO  com.revature.bankapp.dao.Util  - *****Connecting to DataBase*****
[http-nio-8080-exec-109] 2021-10-03 18:06:22 INFO  com.revature.bankapp.dao.Util  - *****Connecting to DataBase*****
[http-nio-8080-exec-112] 2021-10-03 18:06:22 INFO  com.revature.bankapp.dao.Util  - *****Connecting to DataBase*****
[http-nio-8080-exec-113] 2021-10-03 18:06:23 INFO  com.revature.bankapp.dao.Util  - *****Connecting to DataBase*****
[http-nio-8080-exec-110] 2021-10-03 18:06:49 INFO  com.revature.bankapp.dao.Util  - *****Connecting to DataBase*****
[http-nio-8080-exec-114] 2021-10-03 18:06:49 INFO  com.revature.bankapp.dao.Util  - *****Connecting to DataBase*****
[http-nio-8080-exec-111] 2021-10-03 18:06:59 INFO  com.revature.bankapp.dao.Util  - *****Connecting to DataBase*****
[http-nio-8080-exec-106] 2021-10-03 18:07:12 INFO  com.revature.bankapp.dao.Util  - *****Connecting to DataBase*****
[http-nio-8080-exec-107] 2021-10-03 18:07:13 INFO  com.revature.bankapp.dao.Util  - *****Connecting to DataBase*****
[http-nio-8080-exec-108] 2021-10-03 18:07:13 INFO  com.revature.bankapp.dao.Util  - *****Connecting to DataBase*****
[http-nio-8080-exec-109] 2021-10-03 18:07:21 INFO  com.revature.bankapp.dao.Util  - *****Connecting to DataBase*****
[http-nio-8080-exec-112] 2021-10-03 18:07:22 INFO  com.revature.bankapp.dao.Util  - *****Connecting to DataBase*****
[http-nio-8080-exec-113] 2021-10-03 18:07:22 INFO  com.revature.bankapp.dao.Util  - *****Connecting to DataBase*****
[http-nio-8080-exec-115] 2021-10-03 18:07:31 INFO  com.revature.bankapp.dao.Util  - *****Connecting to DataBase*****
[http-nio-8080-exec-114] 2021-10-03 18:23:03 INFO  com.revature.bankapp.dao.Util  - *****Connecting to DataBase*****
[http-nio-8080-exec-111] 2021-10-03 18:23:05 INFO  com.revature.bankapp.dao.Util  - *****Connecting to DataBase*****
[http-nio-8080-exec-106] 2021-10-03 18:23:05 INFO  com.revature.bankapp.dao.Util  - *****Connecting to DataBase*****
[http-nio-8080-exec-107] 2021-10-03 18:23:05 INFO  com.revature.bankapp.dao.Util  - *****Connecting to DataBase*****
[http-nio-8080-exec-115] 2021-10-03 18:26:01 INFO  com.revature.bankapp.dao.Util  - *****Connecting to DataBase*****
[http-nio-8080-exec-110] 2021-10-03 18:26:02 INFO  com.revature.bankapp.dao.Util  - *****Connecting to DataBase*****
[http-nio-8080-exec-114] 2021-10-03 18:26:21 INFO  com.revature.bankapp.dao.Util  - *****Connecting to DataBase*****
[http-nio-8080-exec-106] 2021-10-03 18:27:00 INFO  com.revature.bankapp.dao.Util  - *****Connecting to DataBase*****
[http-nio-8080-exec-108] 2021-10-03 18:27:44 INFO  com.revature.bankapp.dao.Util  - *****Connecting to DataBase*****
[http-nio-8080-exec-109] 2021-10-03 18:27:56 INFO  com.revature.bankapp.dao.Util  - *****Connecting to DataBase*****
[http-nio-8080-exec-112] 2021-10-03 18:28:04 INFO  com.revature.bankapp.dao.Util  - *****Connecting to DataBase*****
[http-nio-8080-exec-113] 2021-10-03 18:28:06 INFO  com.revature.bankapp.dao.Util  - *****Connecting to DataBase*****
[http-nio-8080-exec-110] 2021-10-03 18:28:35 INFO  com.revature.bankapp.dao.Util  - *****Connecting to DataBase*****
[http-nio-8080-exec-114] 2021-10-03 18:28:36 INFO  com.revature.bankapp.dao.Util  - *****Connecting to DataBase*****
[http-nio-8080-exec-111] 2021-10-03 18:28:36 INFO  com.revature.bankapp.dao.Util  - *****Connecting to DataBase*****
[http-nio-8080-exec-106] 2021-10-03 18:28:36 INFO  com.revature.bankapp.dao.Util  - *****Connecting to DataBase*****
[http-nio-8080-exec-107] 2021-10-03 18:28:36 INFO  com.revature.bankapp.dao.Util  - *****Connecting to DataBase*****
[http-nio-8080-exec-109] 2021-10-03 18:29:05 INFO  com.revature.bankapp.dao.Util  - *****Connecting to DataBase*****
[http-nio-8080-exec-112] 2021-10-03 18:29:31 INFO  com.revature.bankapp.dao.Util  - *****Connecting to DataBase*****
[http-nio-8080-exec-115] 2021-10-03 18:29:51 INFO  com.revature.bankapp.dao.Util  - *****Connecting to DataBase*****
[http-nio-8080-exec-110] 2021-10-03 18:29:59 INFO  com.revature.bankapp.dao.Util  - *****Connecting to DataBase*****
[http-nio-8080-exec-114] 2021-10-03 18:30:08 INFO  com.revature.bankapp.dao.Util  - *****Connecting to DataBase*****
[http-nio-8080-exec-111] 2021-10-03 18:30:10 INFO  com.revature.bankapp.dao.Util  - *****Connecting to DataBase*****
[http-nio-8080-exec-112] 2021-10-03 18:32:57 INFO  com.revature.bankapp.controller.CustomerController  - Start
[http-nio-8080-exec-112] 2021-10-03 18:32:57 DEBUG com.revature.bankapp.controller.CustomerController  - com.revature.bankapp.model.Customer@533bbddd
[http-nio-8080-exec-112] 2021-10-03 18:32:57 INFO  com.revature.bankapp.dao.impl.CustomerDaoImpl  - Start
[http-nio-8080-exec-112] 2021-10-03 18:32:57 DEBUG com.revature.bankapp.dao.impl.CustomerDaoImpl  - com.revature.bankapp.model.Customer@533bbddd
[http-nio-8080-exec-112] 2021-10-03 18:32:57 INFO  com.revature.bankapp.dao.Util  - *****Connecting to DataBase*****
[http-nio-8080-exec-112] 2021-10-03 18:32:57 INFO  com.revature.bankapp.dao.impl.CustomerDaoImpl  - END
[http-nio-8080-exec-112] 2021-10-03 18:32:57 INFO  com.revature.bankapp.controller.CustomerController  - End
[http-nio-8080-exec-115] 2021-10-03 18:33:34 INFO  com.revature.bankapp.dao.Util  - *****Connecting to DataBase*****
[http-nio-8080-exec-114] 2021-10-03 18:40:41 INFO  com.revature.bankapp.dao.Util  - *****Connecting to DataBase*****
[http-nio-8080-exec-107] 2021-10-03 19:02:47 INFO  com.revature.bankapp.dao.Util  - *****Connecting to DataBase*****
[http-nio-8080-exec-115] 2021-10-03 22:11:01 INFO  com.revature.bankapp.dao.Util  - *****Connecting to DataBase*****
[http-nio-8080-exec-114] 2021-10-03 22:12:43 INFO  com.revature.bankapp.dao.Util  - *****Connecting to DataBase*****
[http-nio-8080-exec-106] 2021-10-03 22:13:08 INFO  com.revature.bankapp.dao.Util  - *****Connecting to DataBase*****
[http-nio-8080-exec-107] 2021-10-03 22:13:08 INFO  com.revature.bankapp.dao.Util  - *****Connecting to DataBase*****
